  utils.cpp
c:\users\adria\documents\github\practica-ia-decisions\sdl_decisions\src\utils.cpp(5): fatal error C1083: No se puede abrir el archivo incluir: 'SDL.h': No such file or directory
  Transition.cpp
c:\users\adria\documents\github\practica-ia-decisions\sdl_decisions\src\state.h(3): fatal error C1083: No se puede abrir el archivo incluir: 'SDL.h': No such file or directory
  SteeringBehavior.cpp
c:\users\adria\documents\github\practica-ia-decisions\sdl_decisions\src\agent.h(4): fatal error C1083: No se puede abrir el archivo incluir: 'SDL.h': No such file or directory
  State.cpp
c:\users\adria\documents\github\practica-ia-decisions\sdl_decisions\src\state.h(3): fatal error C1083: No se puede abrir el archivo incluir: 'SDL.h': No such file or directory
  SDL_SimpleApp.cpp
c:\users\adria\documents\github\practica-ia-decisions\sdl_decisions\src\sdl_simpleapp.h(3): fatal error C1083: No se puede abrir el archivo incluir: 'SDL.h': No such file or directory
  ScenePlanning.cpp
c:\users\adria\documents\github\practica-ia-decisions\sdl_decisions\src\scene.h(3): fatal error C1083: No se puede abrir el archivo incluir: 'SDL.h': No such file or directory
  main.cpp
c:\users\adria\documents\github\practica-ia-decisions\sdl_decisions\src\main.cpp(2): fatal error C1083: No se puede abrir el archivo incluir: 'SDL.h': No such file or directory
  GOAP.cpp
c:\users\adria\documents\github\practica-ia-decisions\sdl_decisions\src\goap.h(16): error C2061: error de sintaxis: identificador 'Action'
c:\users\adria\documents\github\practica-ia-decisions\sdl_decisions\src\goap.cpp(22): error C2511: 'WorldState WorldState::ApplyAction(Action)': la función miembro sobrecargada no se ha encontrado en 'WorldState'
  c:\users\adria\documents\github\practica-ia-decisions\sdl_decisions\src\goap.h(4): note: vea la declaración de 'WorldState'
  Agent.cpp
c:\users\adria\documents\github\practica-ia-decisions\sdl_decisions\src\agent.h(4): fatal error C1083: No se puede abrir el archivo incluir: 'SDL.h': No such file or directory
  Generando código...
