c:\users\adria\documents\github\practica-ia-decisions\sdl_decisions\sdl_planning\sdl_planning\debug\vc141.pdb
c:\users\adria\documents\github\practica-ia-decisions\sdl_decisions\sdl_planning\sdl_planning\debug\vc141.idb
c:\users\adria\documents\github\practica-ia-decisions\sdl_decisions\sdl_planning\sdl_planning\debug\agent.obj
c:\users\adria\documents\github\practica-ia-decisions\sdl_decisions\sdl_planning\sdl_planning\debug\scenegoap.obj
c:\users\adria\documents\github\practica-ia-decisions\sdl_decisions\sdl_planning\sdl_planning\debug\worldstate.obj
c:\users\adria\documents\github\practica-ia-decisions\sdl_decisions\sdl_planning\sdl_planning\debug\main.obj
c:\users\adria\documents\github\practica-ia-decisions\sdl_decisions\sdl_planning\sdl_planning\debug\sceneplanning.obj
c:\users\adria\documents\github\practica-ia-decisions\sdl_decisions\sdl_planning\sdl_planning\debug\sdl_simpleapp.obj
c:\users\adria\documents\github\practica-ia-decisions\sdl_decisions\sdl_planning\sdl_planning\debug\steeringbehavior.obj
c:\users\adria\documents\github\practica-ia-decisions\sdl_decisions\sdl_planning\sdl_planning\debug\utils.obj
c:\users\adria\documents\github\practica-ia-decisions\sdl_decisions\sdl_planning\sdl_planning\debug\state.obj
c:\users\adria\documents\github\practica-ia-decisions\sdl_decisions\bin\sdl_planning.exe
c:\users\adria\documents\github\practica-ia-decisions\sdl_decisions\bin\sdl_planning.ilk
c:\users\adria\documents\github\practica-ia-decisions\sdl_decisions\bin\sdl_planning.pdb
c:\users\adria\documents\github\practica-ia-decisions\sdl_decisions\sdl_planning\sdl_planning\debug\action.obj
c:\users\adria\documents\github\practica-ia-decisions\sdl_decisions\sdl_planning\sdl_planning\debug\transition.obj
c:\users\adria\documents\github\practica-ia-decisions\sdl_decisions\sdl_planning\sdl_planning\debug\transitionsmanager.obj
c:\users\adria\documents\github\practica-ia-decisions\sdl_decisions\\bin\sdl_planning.pdb
c:\users\adria\documents\github\practica-ia-decisions\sdl_decisions\\bin\sdl_planning.exe
c:\users\adria\documents\github\practica-ia-decisions\sdl_decisions\\bin\sdl_planning.ilk
c:\users\adria\documents\github\practica-ia-decisions\sdl_decisions\sdl_planning\sdl_planning\debug\sdl_planning.tlog\cl.command.1.tlog
c:\users\adria\documents\github\practica-ia-decisions\sdl_decisions\sdl_planning\sdl_planning\debug\sdl_planning.tlog\cl.read.1.tlog
c:\users\adria\documents\github\practica-ia-decisions\sdl_decisions\sdl_planning\sdl_planning\debug\sdl_planning.tlog\cl.write.1.tlog
c:\users\adria\documents\github\practica-ia-decisions\sdl_decisions\sdl_planning\sdl_planning\debug\sdl_planning.tlog\link.command.1.tlog
c:\users\adria\documents\github\practica-ia-decisions\sdl_decisions\sdl_planning\sdl_planning\debug\sdl_planning.tlog\link.read.1.tlog
c:\users\adria\documents\github\practica-ia-decisions\sdl_decisions\sdl_planning\sdl_planning\debug\sdl_planning.tlog\link.write.1.tlog
